This is pdfTeX, Version 3.141592653-2.6-1.40.22 (MiKTeX 21.2) (preloaded format=pdflatex 2021.3.6)  6 MAR 2021 19:50
entering extended mode
**c:/xampp/htdocs/progetto_salomone/pdf.tex
(c:/xampp/htdocs/progetto_salomone/pdf.tex
LaTeX2e <2020-10-01> patch level 4
L3 programming layer <2021-02-18> xparse <2020-03-03> (C:\Users\aronn\AppData\Local\Programs\MiKTeX\tex/latex/thesis\Thesis.cls

LaTeX Warning: You have requested document class `Thesis',
               but the document class provides `thesis'.

Document Class: thesis 1996/25/01 1.0g LaTeX document class (wm).
\hours=\count179
\minutes=\count180
(C:\Users\aronn\AppData\Local\Programs\MiKTeX\tex/latex/base\bk11.clo
File: bk11.clo 2020/04/10 v1.4m Standard LaTeX file (size option)
)
\c@part=\count181
\c@chapter=\count182
\c@section=\count183
\c@subsection=\count184
\c@subsubsection=\count185
\c@paragraph=\count186
\c@subparagraph=\count187
\beforechaptervspace=\skip47
\afterchaptervspace=\skip48
\exampleindent=\skip49
\c@figure=\count188
\c@table=\count189
\abovecaptionskip=\skip50
\belowcaptionskip=\skip51
\bibindent=\dimen138
)
c:/xampp/htdocs/progetto_salomone/pdf.tex:5: Undefined control sequence.
<recently read> \graphicspath 
                              
l.5 \graphicspath
                 {Figures/}  % Location of the graphics files (set up for gr...
The control sequence at the end of the top line
of your error message was never \def'ed. If you have
misspelled it (e.g., `\hobx'), type `I' and the correct
spelling (e.g., `I\hbox'). Otherwise just continue,
and I'll forget about whatever was undefined.


c:/xampp/htdocs/progetto_salomone/pdf.tex:5: LaTeX Error: Missing \begin{document}.

See the LaTeX manual or LaTeX Companion for explanation.
Type  H <return>  for immediate help.
 ...                                              
                                                  
l.5 \graphicspath{F
                   igures/}  % Location of the graphics files (set up for gr...
You're in trouble here.  Try typing  <return>  to proceed.
If that doesn't work, type  X <return>  to quit.

(C:\Users\aronn\AppData\Local\Programs\MiKTeX\tex/latex/natbib\natbib.sty
Package: natbib 2010/09/13 8.31b (PWD, AO)
\bibhang=\skip52
\bibsep=\skip53
LaTeX Info: Redefining \cite on input line 694.
\c@NAT@ctr=\count190
) (C:\Users\aronn\AppData\Local\Programs\MiKTeX\tex/latex/latex-tools\verbatim.sty
Package: verbatim 2020-07-07 v1.5u LaTeX2e package for verbatim enhancements
\every@verbatim=\toks15
\verbatim@line=\toks16
\verbatim@in@stream=\read2
) (C:\Users\aronn\AppData\Local\Programs\MiKTeX\tex/latex/vector\vector.sty
Package: vector 1994/09/16 v1.0 vector macros for LaTeX2e (nde)
 (C:\Users\aronn\AppData\Local\Programs\MiKTeX\tex/latex/base\ifthen.sty
Package: ifthen 2014/09/29 v1.1c Standard LaTeX ifthen package (DPC)
) (C:\Users\aronn\AppData\Local\Programs\MiKTeX\tex/latex/latex-tools\calc.sty
Package: calc 2017/05/25 v4.3 Infix arithmetic (KKT,FJ)
\calc@Acount=\count191
\calc@Bcount=\count192
\calc@Adimen=\dimen139
\calc@Bdimen=\dimen140
\calc@Askip=\skip54
\calc@Bskip=\skip55
LaTeX Info: Redefining \setlength on input line 80.
LaTeX Info: Redefining \addtolength on input line 81.
\calc@Ccount=\count193
\calc@Cskip=\skip56
)
\c@vec@elem=\count194
)
c:/xampp/htdocs/progetto_salomone/pdf.tex:12: Undefined control sequence.
<recently read> \hypersetup 
                            
l.12 \hypersetup
                {urlcolor=blue, colorlinks=true}  % Colours hyperlinks in bl...
The control sequence at the end of the top line
of your error message was never \def'ed. If you have
misspelled it (e.g., `\hobx'), type `I' and the correct
spelling (e.g., `I\hbox'). Otherwise just continue,
and I'll forget about whatever was undefined.


c:/xampp/htdocs/progetto_salomone/pdf.tex:12: LaTeX Error: Missing \begin{document}.

See the LaTeX manual or LaTeX Companion for explanation.
Type  H <return>  for immediate help.
 ...                                              
                                                  
l.12 \hypersetup{u
                  rlcolor=blue, colorlinks=true}  % Colours hyperlinks in bl...
You're in trouble here.  Try typing  <return>  to proceed.
If that doesn't work, type  X <return>  to quit.

(C:\Users\aronn\AppData\Local\Programs\MiKTeX\tex/latex/l3backend\l3backend-pdftex.def
File: l3backend-pdftex.def 2021-03-02 L3 backend support: PDF output (pdfTeX)
\l__color_backend_stack_int=\count195
\l__pdf_internal_box=\box47
) (c:/xampp\htdocs\progetto_salomone\pdf.aux)
\openout1 = `pdf.aux'.

LaTeX Font Info:    Checking defaults for OML/cmm/m/it on input line 15.
LaTeX Font Info:    ... okay on input line 15.
LaTeX Font Info:    Checking defaults for OMS/cmsy/m/n on input line 15.
LaTeX Font Info:    ... okay on input line 15.
LaTeX Font Info:    Checking defaults for OT1/cmr/m/n on input line 15.
LaTeX Font Info:    ... okay on input line 15.
LaTeX Font Info:    Checking defaults for T1/cmr/m/n on input line 15.
LaTeX Font Info:    ... okay on input line 15.
LaTeX Font Info:    Checking defaults for TS1/cmr/m/n on input line 15.
LaTeX Font Info:    ... okay on input line 15.
LaTeX Font Info:    Checking defaults for OMX/cmex/m/n on input line 15.
LaTeX Font Info:    ... okay on input line 15.
LaTeX Font Info:    Checking defaults for U/cmr/m/n on input line 15.
LaTeX Font Info:    ... okay on input line 15.
 [1{C:/Users/aronn/AppData/Local/MiKTeX/pdftex/config/pdftex.map}

]
c:/xampp/htdocs/progetto_salomone/pdf.tex:19: Undefined control sequence.
l.19 \UNIVERSITY
                {{Monash University}}
The control sequence at the end of the top line
of your error message was never \def'ed. If you have
misspelled it (e.g., `\hobx'), type `I' and the correct
spelling (e.g., `I\hbox'). Otherwise just continue,
and I'll forget about whatever was undefined.

c:/xampp/htdocs/progetto_salomone/pdf.tex:23: Undefined control sequence.
l.23 \school
            {{School of Information Technology}}
The control sequence at the end of the top line
of your error message was never \def'ed. If you have
misspelled it (e.g., `\hobx'), type `I' and the correct
spelling (e.g., `I\hbox'). Otherwise just continue,
and I'll forget about whatever was undefined.

c:/xampp/htdocs/progetto_salomone/pdf.tex:24: Undefined control sequence.
l.24 \gradtime
              {{2021}}
The control sequence at the end of the top line
of your error message was never \def'ed. If you have
misspelled it (e.g., `\hobx'), type `I' and the correct
spelling (e.g., `I\hbox'). Otherwise just continue,
and I'll forget about whatever was undefined.

c:/xampp/htdocs/progetto_salomone/pdf.tex:32: Undefined control sequence.
l.32 \authors
               {\texorpdfstring
The control sequence at the end of the top line
of your error message was never \def'ed. If you have
misspelled it (e.g., `\hobx'), type `I' and the correct
spelling (e.g., `I\hbox'). Otherwise just continue,
and I'll forget about whatever was undefined.

c:/xampp/htdocs/progetto_salomone/pdf.tex:32: Undefined control sequence.
l.32 \authors  {\texorpdfstring
                               
The control sequence at the end of the top line
of your error message was never \def'ed. If you have
misspelled it (e.g., `\hobx'), type `I' and the correct
spelling (e.g., `I\hbox'). Otherwise just continue,
and I'll forget about whatever was undefined.

c:/xampp/htdocs/progetto_salomone/pdf.tex:33: Undefined control sequence.
l.33             {\href
                       {your web site or email address}{Author Name }}
The control sequence at the end of the top line
of your error message was never \def'ed. If you have
misspelled it (e.g., `\hobx'), type `I' and the correct
spelling (e.g., `I\hbox'). Otherwise just continue,
and I'll forget about whatever was undefined.

c:/xampp/htdocs/progetto_salomone/pdf.tex:36: Undefined control sequence.
l.36 \addresses
                 {\groupname\\\deptname\\\univname}  % Do not change this he...
The control sequence at the end of the top line
of your error message was never \def'ed. If you have
misspelled it (e.g., `\hobx'), type `I' and the correct
spelling (e.g., `I\hbox'). Otherwise just continue,
and I'll forget about whatever was undefined.

c:/xampp/htdocs/progetto_salomone/pdf.tex:36: Undefined control sequence.
l.36 \addresses  {\groupname
                            \\\deptname\\\univname}  % Do not change this he...
The control sequence at the end of the top line
of your error message was never \def'ed. If you have
misspelled it (e.g., `\hobx'), type `I' and the correct
spelling (e.g., `I\hbox'). Otherwise just continue,
and I'll forget about whatever was undefined.

c:/xampp/htdocs/progetto_salomone/pdf.tex:36: Undefined control sequence.
<recently read> \deptname 
                          
l.36 \addresses  {\groupname\\\deptname
                                       \\\univname}  % Do not change this he...
The control sequence at the end of the top line
of your error message was never \def'ed. If you have
misspelled it (e.g., `\hobx'), type `I' and the correct
spelling (e.g., `I\hbox'). Otherwise just continue,
and I'll forget about whatever was undefined.

c:/xampp/htdocs/progetto_salomone/pdf.tex:36: Undefined control sequence.
<recently read> \univname 
                          
l.36 \addresses  {\groupname\\\deptname\\\univname
                                                  }  % Do not change this he...
The control sequence at the end of the top line
of your error message was never \def'ed. If you have
misspelled it (e.g., `\hobx'), type `I' and the correct
spelling (e.g., `I\hbox'). Otherwise just continue,
and I'll forget about whatever was undefined.

c:/xampp/htdocs/progetto_salomone/pdf.tex:38: Undefined control sequence.
l.38 \subject
                 {}
The control sequence at the end of the top line
of your error message was never \def'ed. If you have
misspelled it (e.g., `\hobx'), type `I' and the correct
spelling (e.g., `I\hbox'). Otherwise just continue,
and I'll forget about whatever was undefined.

c:/xampp/htdocs/progetto_salomone/pdf.tex:39: Undefined control sequence.
l.39 \keywords
                 {Biometrics}
The control sequence at the end of the top line
of your error message was never \def'ed. If you have
misspelled it (e.g., `\hobx'), type `I' and the correct
spelling (e.g., `I\hbox'). Otherwise just continue,
and I'll forget about whatever was undefined.


Underfull \hbox (badness 10000) in paragraph at lines 33--41

 []

[1

]
LaTeX Font Info:    External font `cmex10' loaded for size
(Font)              <10.95> on input line 42.
LaTeX Font Info:    External font `cmex10' loaded for size
(Font)              <8> on input line 42.
LaTeX Font Info:    External font `cmex10' loaded for size
(Font)              <6> on input line 42.


LaTeX Warning: No \author given.

[2

]
c:/xampp/htdocs/progetto_salomone/pdf.tex:45: Undefined control sequence.
l.45 \setstretch
                {1.3}  % It is better to have smaller font and larger line s...
The control sequence at the end of the top line
of your error message was never \def'ed. If you have
misspelled it (e.g., `\hobx'), type `I' and the correct
spelling (e.g., `I\hbox'). Otherwise just continue,
and I'll forget about whatever was undefined.

c:/xampp/htdocs/progetto_salomone/pdf.tex:48: Undefined control sequence.
l.48 \fancyhead
               {}  % Clears all page headers and footers
The control sequence at the end of the top line
of your error message was never \def'ed. If you have
misspelled it (e.g., `\hobx'), type `I' and the correct
spelling (e.g., `I\hbox'). Otherwise just continue,
and I'll forget about whatever was undefined.

c:/xampp/htdocs/progetto_salomone/pdf.tex:49: Undefined control sequence.
l.49 \rhead
           {\thepage}  % Sets the right side header to show the page number
The control sequence at the end of the top line
of your error message was never \def'ed. If you have
misspelled it (e.g., `\hobx'), type `I' and the correct
spelling (e.g., `I\hbox'). Otherwise just continue,
and I'll forget about whatever was undefined.

c:/xampp/htdocs/progetto_salomone/pdf.tex:50: Undefined control sequence.
l.50 \lhead
           {}  % Clears the left side page header
The control sequence at the end of the top line
of your error message was never \def'ed. If you have
misspelled it (e.g., `\hobx'), type `I' and the correct
spelling (e.g., `I\hbox'). Otherwise just continue,
and I'll forget about whatever was undefined.

c:/xampp/htdocs/progetto_salomone/pdf.tex:52: Undefined control sequence.
<argument> \undefinedpagestyle 
                               
l.52 \pagestyle{fancy}
                        % Finally, use the "fancy" page style to implement t...
The control sequence at the end of the top line
of your error message was never \def'ed. If you have
misspelled it (e.g., `\hobx'), type `I' and the correct
spelling (e.g., `I\hbox'). Otherwise just continue,
and I'll forget about whatever was undefined.


! LaTeX Error: File `Preamble/copyright.tex' not found.

Type X to quit or <RETURN> to proceed,
or enter new name. (Default extension: tex)

Enter file name: 
 :56: Emergency stop.
<read *> 
         
l.56 \input{Preamble/copyright.tex}
                                   
*** (cannot \read from terminal in nonstop modes)

 
Here is how much of TeX's memory you used:
 1127 strings out of 479334
 16394 string characters out of 2857085
 301276 words of memory out of 3000000
 18637 multiletter control sequences out of 15000+200000
 407472 words of font info for 40 fonts, out of 3000000 for 9000
 1141 hyphenation exceptions out of 8191
 53i,7n,60p,273b,177s stack positions out of 5000i,500n,10000p,200000b,50000s
 :56:  ==> Fatal error occurred, no output PDF file produced!
